<?xml version="1.0" encoding="UTF-8"?>
<!-- Generated by org.testng.reporters.JUnitReportReporter -->
<testsuite hostname="Sri" failures="0" tests="1" name="TestNG" time="0.016" errors="0" timestamp="2022-09-30T16:49:59 IST" skipped="0">
  <testcase classname="TestNG" name="f" time="0.016"/>
  <system-out/>
</testsuite> <!-- TestNG -->
